# JRE version: OpenJDK Runtime Environment (8.0_242-b01) (build 1.8.0_242-release-1644-b01)
# Java VM: OpenJDK 64-Bit Server VM (25.242-b01 mixed mode windows-amd64 compressed oops)
Heap:
 PSYoungGen      total 552448K, used 325125K [0x00000000d5580000, 0x0000000100000000, 0x0000000100000000)
  eden space 476160K, 56% used [0x00000000d5580000,0x00000000e5d56820,0x00000000f2680000)
  from space 76288K, 72% used [0x00000000f2680000,0x00000000f5c2ac10,0x00000000f7100000)
  to   space 82432K, 0% used [0x00000000faf80000,0x00000000faf80000,0x0000000100000000)
 ParOldGen       total 263168K, used 135575K [0x0000000080000000, 0x0000000090100000, 0x00000000d5580000)
  object space 263168K, 51% used [0x0000000080000000,0x0000000088465c18,0x0000000090100000)
 Metaspace       used 127370K, capacity 133818K, committed 134092K, reserved 1165312K
  class space    used 16564K, capacity 17808K, committed 17920K, reserved 1048576K
GC Heap History (10 events):
Event: 1603.711 GC heap before
{Heap before GC invocations=20 (full 4):
 PSYoungGen      total 432128K, used 5239K [0x00000000d5580000, 0x00000000f2800000, 0x0000000100000000)
  eden space 414208K, 0% used [0x00000000d5580000,0x00000000d5580000,0x00000000eea00000)
  from space 17920K, 29% used [0x00000000f1680000,0x00000000f1b9dc70,0x00000000f2800000)
  to   space 31744K, 0% used [0x00000000eea00000,0x00000000eea00000,0x00000000f0900000)
 ParOldGen       total 96768K, used 80836K [0x0000000080000000, 0x0000000085e80000, 0x00000000d5580000)
  object space 96768K, 83% used [0x0000000080000000,0x0000000084ef1358,0x0000000085e80000)
 Metaspace       used 93446K, capacity 98294K, committed 98380K, reserved 1134592K
  class space    used 12371K, capacity 13375K, committed 13440K, reserved 1048576K
Event: 1605.416 GC heap after
Heap after GC invocations=20 (full 4):
 PSYoungGen      total 432128K, used 0K [0x00000000d5580000, 0x00000000f2800000, 0x0000000100000000)
  eden space 414208K, 0% used [0x00000000d5580000,0x00000000d5580000,0x00000000eea00000)
  from space 17920K, 0% used [0x00000000f1680000,0x00000000f1680000,0x00000000f2800000)
  to   space 31744K, 0% used [0x00000000eea00000,0x00000000eea00000,0x00000000f0900000)
 ParOldGen       total 163328K, used 71395K [0x0000000080000000, 0x0000000089f80000, 0x00000000d5580000)
  object space 163328K, 43% used [0x0000000080000000,0x00000000845b8e50,0x0000000089f80000)
 Metaspace       used 93371K, capacity 98044K, committed 98380K, reserved 1134592K
  class space    used 12349K, capacity 13312K, committed 13440K, reserved 1048576K
}
Event: 1647.855 GC heap before
{Heap before GC invocations=21 (full 4):
 PSYoungGen      total 432128K, used 414208K [0x00000000d5580000, 0x00000000f2800000, 0x0000000100000000)
  eden space 414208K, 100% used [0x00000000d5580000,0x00000000eea00000,0x00000000eea00000)
  from space 17920K, 0% used [0x00000000f1680000,0x00000000f1680000,0x00000000f2800000)
  to   space 31744K, 0% used [0x00000000eea00000,0x00000000eea00000,0x00000000f0900000)
 ParOldGen       total 163328K, used 71395K [0x0000000080000000, 0x0000000089f80000, 0x00000000d5580000)
  object space 163328K, 43% used [0x0000000080000000,0x00000000845b8e50,0x0000000089f80000)
 Metaspace       used 109363K, capacity 114464K, committed 114892K, reserved 1148928K
  class space    used 14221K, capacity 15258K, committed 15360K, reserved 1048576K
Event: 1648.715 GC heap after
Heap after GC invocations=21 (full 4):
 PSYoungGen      total 445952K, used 31734K [0x00000000d5580000, 0x00000000fa700000, 0x0000000100000000)
  eden space 414208K, 0% used [0x00000000d5580000,0x00000000d5580000,0x00000000eea00000)
  from space 31744K, 99% used [0x00000000eea00000,0x00000000f08fdbb0,0x00000000f0900000)
  to   space 55296K, 0% used [0x00000000f7100000,0x00000000f7100000,0x00000000fa700000)
 ParOldGen       total 163328K, used 119456K [0x0000000080000000, 0x0000000089f80000, 0x00000000d5580000)
  object space 163328K, 73% used [0x0000000080000000,0x00000000874a8330,0x0000000089f80000)
 Metaspace       used 109363K, capacity 114464K, committed 114892K, reserved 1148928K
  class space    used 14221K, capacity 15258K, committed 15360K, reserved 1048576K
}
Event: 1770.031 GC heap before
{Heap before GC invocations=22 (full 4):
 PSYoungGen      total 445952K, used 445942K [0x00000000d5580000, 0x00000000fa700000, 0x0000000100000000)
  eden space 414208K, 100% used [0x00000000d5580000,0x00000000eea00000,0x00000000eea00000)
  from space 31744K, 99% used [0x00000000eea00000,0x00000000f08fdbb0,0x00000000f0900000)
  to   space 55296K, 0% used [0x00000000f7100000,0x00000000f7100000,0x00000000fa700000)
 ParOldGen       total 163328K, used 119456K [0x0000000080000000, 0x0000000089f80000, 0x00000000d5580000)
  object space 163328K, 73% used [0x0000000080000000,0x00000000874a8330,0x0000000089f80000)
 Metaspace       used 112294K, capacity 117632K, committed 117708K, reserved 1150976K
  class space    used 14496K, capacity 15588K, committed 15616K, reserved 1048576K
Event: 1770.669 GC heap after
Heap after GC invocations=22 (full 4):
 PSYoungGen      total 531456K, used 55289K [0x00000000d5580000, 0x00000000fc880000, 0x0000000100000000)
  eden space 476160K, 0% used [0x00000000d5580000,0x00000000d5580000,0x00000000f2680000)
  from space 55296K, 99% used [0x00000000f7100000,0x00000000fa6fe6e8,0x00000000fa700000)
  to   space 76288K, 0% used [0x00000000f2680000,0x00000000f2680000,0x00000000f7100000)
 ParOldGen       total 163328K, used 150498K [0x0000000080000000, 0x0000000089f80000, 0x00000000d5580000)
  object space 163328K, 92% used [0x0000000080000000,0x00000000892f88d8,0x0000000089f80000)
 Metaspace       used 112294K, capacity 117632K, committed 117708K, reserved 1150976K
  class space    used 14496K, capacity 15588K, committed 15616K, reserved 1048576K
}
Event: 1770.669 GC heap before
{Heap before GC invocations=23 (full 5):
 PSYoungGen      total 531456K, used 55289K [0x00000000d5580000, 0x00000000fc880000, 0x0000000100000000)
  eden space 476160K, 0% used [0x00000000d5580000,0x00000000d5580000,0x00000000f2680000)
  from space 55296K, 99% used [0x00000000f7100000,0x00000000fa6fe6e8,0x00000000fa700000)
  to   space 76288K, 0% used [0x00000000f2680000,0x00000000f2680000,0x00000000f7100000)
 ParOldGen       total 163328K, used 150498K [0x0000000080000000, 0x0000000089f80000, 0x00000000d5580000)
  object space 163328K, 92% used [0x0000000080000000,0x00000000892f88d8,0x0000000089f80000)
 Metaspace       used 112294K, capacity 117632K, committed 117708K, reserved 1150976K
  class space    used 14496K, capacity 15588K, committed 15616K, reserved 1048576K
Event: 1772.836 GC heap after
Heap after GC invocations=23 (full 5):
 PSYoungGen      total 531456K, used 0K [0x00000000d5580000, 0x00000000fc880000, 0x0000000100000000)
  eden space 476160K, 0% used [0x00000000d5580000,0x00000000d5580000,0x00000000f2680000)
  from space 55296K, 0% used [0x00000000f7100000,0x00000000f7100000,0x00000000fa700000)
  to   space 76288K, 0% used [0x00000000f2680000,0x00000000f2680000,0x00000000f7100000)
 ParOldGen       total 263168K, used 135567K [0x0000000080000000, 0x0000000090100000, 0x00000000d5580000)
  object space 263168K, 51% used [0x0000000080000000,0x0000000088463c18,0x0000000090100000)
 Metaspace       used 112294K, capacity 117632K, committed 117708K, reserved 1150976K
  class space    used 14496K, capacity 15588K, committed 15616K, reserved 1048576K
}
Event: 1789.251 GC heap before
{Heap before GC invocations=24 (full 5):
 PSYoungGen      total 531456K, used 476160K [0x00000000d5580000, 0x00000000fc880000, 0x0000000100000000)
  eden space 476160K, 100% used [0x00000000d5580000,0x00000000f2680000,0x00000000f2680000)
  from space 55296K, 0% used [0x00000000f7100000,0x00000000f7100000,0x00000000fa700000)
  to   space 76288K, 0% used [0x00000000f2680000,0x00000000f2680000,0x00000000f7100000)
 ParOldGen       total 263168K, used 135567K [0x0000000080000000, 0x0000000090100000, 0x00000000d5580000)
  object space 263168K, 51% used [0x0000000080000000,0x0000000088463c18,0x0000000090100000)
 Metaspace       used 120371K, capacity 125988K, committed 126156K, reserved 1159168K
  class space    used 15472K, capacity 16585K, committed 16640K, reserved 1048576K
Event: 1789.339 GC heap after
Heap after GC invocations=24 (full 5):
 PSYoungGen      total 552448K, used 54955K [0x00000000d5580000, 0x0000000100000000, 0x0000000100000000)
  eden space 476160K, 0% used [0x00000000d5580000,0x00000000d5580000,0x00000000f2680000)
  from space 76288K, 72% used [0x00000000f2680000,0x00000000f5c2ac10,0x00000000f7100000)
  to   space 82432K, 0% used [0x00000000faf80000,0x00000000faf80000,0x0000000100000000)
 ParOldGen       total 263168K, used 135575K [0x0000000080000000, 0x0000000090100000, 0x00000000d5580000)
  object space 263168K, 51% used [0x0000000080000000,0x0000000088465c18,0x0000000090100000)
 Metaspace       used 120371K, capacity 125988K, committed 126156K, reserved 1159168K
  class space    used 15472K, capacity 16585K, committed 16640K, reserved 1048576K
}

